[debug] [2023-02-12T21:21:27.215Z] ----------------------------------------------------------------------
[debug] [2023-02-12T21:21:27.219Z] Command:       C:\Program Files\nodejs\node.exe C:\Users\Rojas\AppData\Roaming\npm\node_modules\firebase-tools\lib\bin\firebase.js init
[debug] [2023-02-12T21:21:27.220Z] CLI Version:   11.22.0
[debug] [2023-02-12T21:21:27.220Z] Platform:      win32
[debug] [2023-02-12T21:21:27.220Z] Node Version:  v16.16.0
[debug] [2023-02-12T21:21:27.222Z] Time:          Sun Feb 12 2023 16:21:27 GMT-0500 (hora estándar de Perú)
[debug] [2023-02-12T21:21:27.223Z] ----------------------------------------------------------------------
[debug] 
[debug] [2023-02-12T21:21:27.239Z] > command requires scopes: ["email","openid","https://www.googleapis.com/auth/cloudplatformprojects.readonly","https://www.googleapis.com/auth/firebase","https://www.googleapis.com/auth/cloud-platform"]
[debug] [2023-02-12T21:21:27.240Z] > authorizing via signed-in user (raulrojascadilloxd@gmail.com)
[info] 
     ######## #### ########  ######## ########     ###     ######  ########
     ##        ##  ##     ## ##       ##     ##  ##   ##  ##       ##
     ######    ##  ########  ######   ########  #########  ######  ######
     ##        ##  ##    ##  ##       ##     ## ##     ##       ## ##
     ##       #### ##     ## ######## ########  ##     ##  ######  ########

You're about to initialize a Firebase project in this directory:

  E:\EJEMPLOS - PRACTICAS\segundo\rick_and_morty

[info] 
=== Project Setup
[info] 
[info] First, let's associate this project directory with a Firebase project.
[info] You can create multiple project aliases by running firebase use --add, 
[info] but for now we'll just set up a default project.
[info] 
